<?xml version="1.0" encoding="UTF-8"?>
<!-- Generated by org.testng.reporters.JUnitXMLReporter -->
<testsuite ignored="0" hostname="Arun" failures="0" tests="4" name="Default test" time="26.893" errors="0" timestamp="06 Jul 2023 09:55:45 GMT">
  <testcase classname="org.test.AdactinTest" name="login" time="1.33"/>
  <testcase classname="org.test.AdactinTest" name="searchHotel" time="2.577"/>
  <testcase classname="org.test.AdactinTest" name="Selecthotel" time="0.594"/>
  <testcase classname="org.test.AdactinTest" name="Booking" time="2.326"/>
</testsuite> <!-- Default test -->
