<?xml version="1.0" encoding="UTF-8"?>
<testng-results ignored="0" total="4" passed="4" failed="0" skipped="0">
  <reporter-output>
  </reporter-output>
  <suite started-at="2023-07-06T09:55:18Z" name="Default suite" finished-at="2023-07-06T09:55:45Z" duration-ms="26893">
    <groups>
    </groups>
    <test started-at="2023-07-06T09:55:18Z" name="Default test" finished-at="2023-07-06T09:55:45Z" duration-ms="26893">
      <class name="org.test.AdactinTest">
        <test-method is-config="true" signature="beforeclass()[pri:0, instance:org.test.AdactinTest@3adcc812]" started-at="2023-07-06T09:55:18Z" name="beforeclass" finished-at="2023-07-06T09:55:32Z" duration-ms="13806" status="PASS">
          <reporter-output>
          </reporter-output>
        </test-method> <!-- beforeclass -->
        <test-method signature="login()[pri:1, instance:org.test.AdactinTest@3adcc812]" started-at="2023-07-06T09:55:32Z" name="login" finished-at="2023-07-06T09:55:33Z" duration-ms="1330" status="PASS">
          <reporter-output>
          </reporter-output>
        </test-method> <!-- login -->
        <test-method signature="searchHotel()[pri:2, instance:org.test.AdactinTest@3adcc812]" started-at="2023-07-06T09:55:33Z" name="searchHotel" finished-at="2023-07-06T09:55:36Z" duration-ms="2577" status="PASS">
          <reporter-output>
          </reporter-output>
        </test-method> <!-- searchHotel -->
        <test-method signature="Selecthotel()[pri:3, instance:org.test.AdactinTest@3adcc812]" started-at="2023-07-06T09:55:36Z" name="Selecthotel" finished-at="2023-07-06T09:55:37Z" duration-ms="594" status="PASS">
          <reporter-output>
          </reporter-output>
        </test-method> <!-- Selecthotel -->
        <test-method signature="Booking()[pri:4, instance:org.test.AdactinTest@3adcc812]" started-at="2023-07-06T09:55:37Z" name="Booking" finished-at="2023-07-06T09:55:39Z" duration-ms="2326" status="PASS">
          <reporter-output>
          </reporter-output>
        </test-method> <!-- Booking -->
        <test-method is-config="true" signature="afterClass()[pri:0, instance:org.test.AdactinTest@3adcc812]" started-at="2023-07-06T09:55:39Z" name="afterClass" finished-at="2023-07-06T09:55:45Z" duration-ms="6221" status="PASS">
          <reporter-output>
          </reporter-output>
        </test-method> <!-- afterClass -->
      </class> <!-- org.test.AdactinTest -->
    </test> <!-- Default test -->
  </suite> <!-- Default suite -->
</testng-results>
